2021-08-07 17:06:04,143:INFO:PyCaret Supervised Module
2021-08-07 17:06:04,144:INFO:ML Usecase: classification
2021-08-07 17:06:04,144:INFO:version 2.3.3
2021-08-07 17:06:04,144:INFO:Initializing setup()
2021-08-07 17:06:04,144:INFO:setup(display=None, profile_kwargs=None, profile=False, verbose=True, silent=False, log_data=False, log_profile=False, log_plots=False, experiment_name=None, log_experiment=False, session_id=None, html=True, custom_pipeline=None, use_gpu=False, n_jobs=-1, fold_groups=None, fold_shuffle=False, fold=10, fold_strategy=stratifiedkfold, data_split_stratify=False, data_split_shuffle=True, transform_target_method=box-cox, transform_target=False, fix_imbalance_method=None, fix_imbalance=False, interaction_threshold=0.01, feature_ratio=False, feature_interaction=False, feature_selection_method=classic, feature_selection_threshold=0.8, feature_selection=False, group_names=None, group_features=None, polynomial_threshold=0.1, trigonometry_features=False, polynomial_degree=2, polynomial_features=False, cluster_iter=20, create_clusters=False, remove_perfect_collinearity=True, multicollinearity_threshold=0.9, remove_multicollinearity=False, outliers_threshold=0.05, remove_outliers=False, bin_numeric_features=None, rare_level_threshold=0.1, combine_rare_levels=False, ignore_low_variance=False, pca_components=None, pca_method=linear, pca=False, unknown_categorical_method=least_frequent, handle_unknown_categorical=True, transformation_method=yeo-johnson, transformation=False, normalize_method=minmax, normalize=True, ignore_features=None, date_features=None, numeric_iterative_imputer=lightgbm, numeric_imputation=mean, numeric_features=None, high_cardinality_method=frequency, high_cardinality_features=None, ordinal_features=None, categorical_iterative_imputer=lightgbm, categorical_imputation=constant, categorical_features=None, iterative_imputation_iters=5, imputation_type=simple, preprocess=True, test_data=None, train_size=0.7, available_plots={'parameter': 'Hyperparameters', 'auc': 'AUC', 'confusion_matrix': 'Confusion Matrix', 'threshold': 'Threshold', 'pr': 'Precision Recall', 'error': 'Prediction Error', 'class_report': 'Class Report', 'rfe': 'Feature Selection', 'learning': 'Learning Curve', 'manifold': 'Manifold Learning', 'calibration': 'Calibration Curve', 'vc': 'Validation Curve', 'dimension': 'Dimensions', 'feature': 'Feature Importance', 'feature_all': 'Feature Importance (All)', 'boundary': 'Decision Boundary', 'lift': 'Lift Chart', 'gain': 'Gain Chart', 'tree': 'Decision Tree', 'ks': 'KS Statistic Plot'}, ml_usecase=classification, target=Exited)
2021-08-07 17:06:04,147:INFO:Checking environment
2021-08-07 17:06:04,147:INFO:python_version: 3.6.13
2021-08-07 17:06:04,147:INFO:python_build: ('default', 'Mar 16 2021 11:37:27')
2021-08-07 17:06:04,147:INFO:machine: AMD64
2021-08-07 17:06:04,147:INFO:platform: Windows-10-10.0.19041-SP0
2021-08-07 17:06:04,148:WARNING:cannot find psutil installation. memory not traceable. Install psutil using pip to enable memory logging.
2021-08-07 17:06:04,148:INFO:Checking libraries
2021-08-07 17:06:04,148:INFO:pd==1.1.5
2021-08-07 17:06:04,148:INFO:numpy==1.19.5
2021-08-07 17:06:04,148:INFO:sklearn==0.23.2
2021-08-07 17:06:04,148:INFO:lightgbm==3.2.1
2021-08-07 17:06:04,149:WARNING:catboost not found
2021-08-07 17:06:04,149:WARNING:xgboost not found
2021-08-07 17:06:04,476:INFO:mlflow==1.19.0
2021-08-07 17:06:04,476:INFO:Checking Exceptions
2021-08-07 17:06:04,476:INFO:Declaring global variables
2021-08-07 17:06:04,476:INFO:USI: 4b11
2021-08-07 17:06:04,476:INFO:pycaret_globals: {'USI', 'fold_shuffle_param', 'html_param', 'seed', 'prep_pipe', 'transform_target_param', 'fold_param', 'log_plots_param', 'y_train', 'create_model_container', '_internal_pipeline', 'imputation_regressor', 'exp_name_log', 'y_test', '_all_metrics', '_ml_usecase', 'X', 'fold_groups_param', '_all_models_internal', 'target_param', 'fold_generator', 'display_container', 'y', '_available_plots', 'experiment__', 'imputation_classifier', 'X_test', 'fold_groups_param_full', 'gpu_param', 'n_jobs_param', 'master_model_container', 'fix_imbalance_method_param', '_all_models', 'data_before_preprocess', 'pycaret_globals', '_gpu_n_jobs_param', 'X_train', 'logging_param', 'iterative_imputation_iters_param', 'stratify_param', 'transform_target_method_param', 'fix_imbalance_param'}
2021-08-07 17:06:04,476:INFO:Preparing display monitor
2021-08-07 17:06:04,476:INFO:Preparing display monitor
2021-08-07 17:06:04,490:INFO:Importing libraries
2021-08-07 17:06:04,490:INFO:Copying data for preprocessing
2021-08-07 17:06:04,496:INFO:Declaring preprocessing parameters
2021-08-07 17:06:04,498:INFO:Creating preprocessing pipeline
2021-08-07 17:06:04,510:INFO:Preprocessing pipeline created successfully
2021-08-07 17:06:04,510:ERROR:(Process Exit): setup has been interupted with user command 'quit'. setup must rerun.
2021-08-07 17:06:04,510:INFO:Creating global containers
2021-08-07 17:06:04,511:INFO:Internal pipeline: Pipeline(memory=None, steps=[('empty_step', 'passthrough')], verbose=False)
2021-08-07 17:06:18,542:WARNING:Couldn't import xgboost.XGBClassifier
2021-08-07 17:06:18,543:WARNING:Couldn't import catboost.CatBoostClassifier
2021-08-07 17:06:18,601:WARNING:Couldn't import xgboost.XGBClassifier
2021-08-07 17:06:18,601:WARNING:Couldn't import catboost.CatBoostClassifier
2021-08-07 17:06:18,602:INFO:Creating grid variables
2021-08-07 17:06:18,620:INFO:create_model_container: 0
2021-08-07 17:06:18,620:INFO:master_model_container: 0
2021-08-07 17:06:18,620:INFO:display_container: 1
2021-08-07 17:06:18,624:INFO:Pipeline(memory=None,
         steps=[('dtypes',
                 DataTypes_Auto_infer(categorical_features=[],
                                      display_types=True, features_todrop=[],
                                      id_columns=[],
                                      ml_usecase='classification',
                                      numerical_features=[], target='Exited',
                                      time_features=[])),
                ('imputer',
                 Simple_Imputer(categorical_strategy='not_available',
                                fill_value_categorical=None,
                                fill_value_numerical=None,
                                numeric_strat...
                                                  target='Exited')),
                ('P_transform', 'passthrough'), ('binn', 'passthrough'),
                ('rem_outliers', 'passthrough'), ('cluster_all', 'passthrough'),
                ('dummy', Dummify(target='Exited')),
                ('fix_perfect', Remove_100(target='Exited')),
                ('clean_names', Clean_Colum_Names()),
                ('feature_select', 'passthrough'), ('fix_multi', 'passthrough'),
                ('dfs', 'passthrough'), ('pca', 'passthrough')],
         verbose=False)
2021-08-07 17:06:18,625:INFO:setup() succesfully completed......................................
2021-08-07 17:10:44,700:INFO:PyCaret Supervised Module
2021-08-07 17:10:44,700:INFO:ML Usecase: classification
2021-08-07 17:10:44,700:INFO:version 2.3.3
2021-08-07 17:10:44,700:INFO:Initializing setup()
2021-08-07 17:10:44,700:INFO:setup(display=None, profile_kwargs=None, profile=False, verbose=True, silent=False, log_data=False, log_profile=False, log_plots=False, experiment_name=None, log_experiment=False, session_id=None, html=True, custom_pipeline=None, use_gpu=False, n_jobs=-1, fold_groups=None, fold_shuffle=False, fold=10, fold_strategy=stratifiedkfold, data_split_stratify=False, data_split_shuffle=True, transform_target_method=box-cox, transform_target=False, fix_imbalance_method=None, fix_imbalance=False, interaction_threshold=0.01, feature_ratio=False, feature_interaction=False, feature_selection_method=classic, feature_selection_threshold=0.8, feature_selection=False, group_names=None, group_features=None, polynomial_threshold=0.1, trigonometry_features=False, polynomial_degree=2, polynomial_features=False, cluster_iter=20, create_clusters=False, remove_perfect_collinearity=True, multicollinearity_threshold=0.9, remove_multicollinearity=False, outliers_threshold=0.05, remove_outliers=False, bin_numeric_features=None, rare_level_threshold=0.1, combine_rare_levels=False, ignore_low_variance=False, pca_components=None, pca_method=linear, pca=False, unknown_categorical_method=least_frequent, handle_unknown_categorical=True, transformation_method=yeo-johnson, transformation=False, normalize_method=minmax, normalize=True, ignore_features=None, date_features=None, numeric_iterative_imputer=lightgbm, numeric_imputation=mean, numeric_features=None, high_cardinality_method=frequency, high_cardinality_features=None, ordinal_features=None, categorical_iterative_imputer=lightgbm, categorical_imputation=constant, categorical_features=None, iterative_imputation_iters=5, imputation_type=simple, preprocess=True, test_data=None, train_size=0.7, available_plots={'parameter': 'Hyperparameters', 'auc': 'AUC', 'confusion_matrix': 'Confusion Matrix', 'threshold': 'Threshold', 'pr': 'Precision Recall', 'error': 'Prediction Error', 'class_report': 'Class Report', 'rfe': 'Feature Selection', 'learning': 'Learning Curve', 'manifold': 'Manifold Learning', 'calibration': 'Calibration Curve', 'vc': 'Validation Curve', 'dimension': 'Dimensions', 'feature': 'Feature Importance', 'feature_all': 'Feature Importance (All)', 'boundary': 'Decision Boundary', 'lift': 'Lift Chart', 'gain': 'Gain Chart', 'tree': 'Decision Tree', 'ks': 'KS Statistic Plot'}, ml_usecase=classification, target=Exited)
2021-08-07 17:10:44,701:INFO:Checking environment
2021-08-07 17:10:44,701:INFO:python_version: 3.6.13
2021-08-07 17:10:44,701:INFO:python_build: ('default', 'Mar 16 2021 11:37:27')
2021-08-07 17:10:44,701:INFO:machine: AMD64
2021-08-07 17:10:44,701:INFO:platform: Windows-10-10.0.19041-SP0
2021-08-07 17:10:44,702:WARNING:cannot find psutil installation. memory not traceable. Install psutil using pip to enable memory logging.
2021-08-07 17:10:44,702:INFO:Checking libraries
2021-08-07 17:10:44,702:INFO:pd==1.1.5
2021-08-07 17:10:44,702:INFO:numpy==1.19.5
2021-08-07 17:10:44,702:INFO:sklearn==0.23.2
2021-08-07 17:10:44,702:INFO:lightgbm==3.2.1
2021-08-07 17:10:44,702:WARNING:catboost not found
2021-08-07 17:10:44,703:WARNING:xgboost not found
2021-08-07 17:10:44,703:INFO:mlflow==1.19.0
2021-08-07 17:10:44,703:INFO:Checking Exceptions
2021-08-07 17:10:44,703:INFO:Declaring global variables
2021-08-07 17:10:44,703:INFO:USI: 2c26
2021-08-07 17:10:44,703:INFO:pycaret_globals: {'USI', 'fold_shuffle_param', 'html_param', 'seed', 'prep_pipe', 'transform_target_param', 'fold_param', 'log_plots_param', 'y_train', 'create_model_container', '_internal_pipeline', 'imputation_regressor', 'exp_name_log', 'y_test', '_all_metrics', '_ml_usecase', 'X', 'fold_groups_param', '_all_models_internal', 'target_param', 'fold_generator', 'display_container', 'y', '_available_plots', 'experiment__', 'imputation_classifier', 'X_test', 'fold_groups_param_full', 'gpu_param', 'n_jobs_param', 'master_model_container', 'fix_imbalance_method_param', '_all_models', 'data_before_preprocess', 'pycaret_globals', '_gpu_n_jobs_param', 'X_train', 'logging_param', 'iterative_imputation_iters_param', 'stratify_param', 'transform_target_method_param', 'fix_imbalance_param'}
2021-08-07 17:10:44,703:INFO:Preparing display monitor
2021-08-07 17:10:44,703:INFO:Preparing display monitor
2021-08-07 17:10:44,712:INFO:Importing libraries
2021-08-07 17:10:44,712:INFO:Copying data for preprocessing
2021-08-07 17:10:44,718:INFO:Declaring preprocessing parameters
2021-08-07 17:10:44,720:INFO:Creating preprocessing pipeline
2021-08-07 17:10:44,733:INFO:Preprocessing pipeline created successfully
2021-08-07 17:10:44,733:ERROR:(Process Exit): setup has been interupted with user command 'quit'. setup must rerun.
2021-08-07 17:10:44,733:INFO:Creating global containers
2021-08-07 17:10:44,734:INFO:Internal pipeline: Pipeline(memory=None, steps=[('empty_step', 'passthrough')], verbose=False)
